<?xml version="1.0" encoding="UTF-8"?>
<!-- Generated by org.testng.reporters.JUnitXMLReporter -->
<testsuite hostname="DESKTOP-9D0UF9G" ignored="0" name="demotest1" tests="8" failures="1" timestamp="2021-02-01T22:55:45 IST" time="10.038" errors="0">
  <testcase name="login" time="0.005" classname="MainClass.Main">
    <skipped/>
  </testcase> <!-- login -->
  <testcase name="login" time="0.002" classname="MainClass.Main">
    <skipped/>
  </testcase> <!-- login -->
  <testcase name="login" time="0.001" classname="MainClass.Main">
    <skipped/>
  </testcase> <!-- login -->
  <testcase name="login" time="0.002" classname="MainClass.Main">
    <skipped/>
  </testcase> <!-- login -->
  <testcase name="login" time="0.002" classname="MainClass.Main">
    <failure type="java.lang.NullPointerException">
      <![CDATA[java.lang.NullPointerException
at org.openqa.selenium.support.pagefactory.DefaultElementLocator.findElement(DefaultElementLocator.java:69)
at org.openqa.selenium.support.pagefactory.internal.LocatingElementHandler.invoke(LocatingElementHandler.java:38)
at com.sun.proxy.$Proxy9.click(Unknown Source)
at com.util.WebTestBase.click(WebTestBase.java:109)
at operation.OperationMethods.login(OperationMethods.java:27)
at MainClass.Main.login(Main.java:91)
at java.util.ArrayList.forEach(ArrayList.java:1257)
... Removed 27 stack frames]]>
    </failure>
  </testcase> <!-- login -->
  <testcase name="addAddress" time="0.0" classname="MainClass.Main">
    <skipped/>
  </testcase> <!-- addAddress -->
  <testcase name="category" time="0.0" classname="MainClass.Main">
    <skipped/>
  </testcase> <!-- category -->
  <testcase name="ordersList" time="0.0" classname="MainClass.Main">
    <skipped/>
  </testcase> <!-- ordersList -->
</testsuite> <!-- demotest1 -->
